<?xml version="1.0" encoding="UTF-8"?><testsuite errors="1" failures="0" name="Hotel reservation" skipped="0" tests="1" time="72.44" timestamp="2023-09-28 09:27:52"><testcase name="hotel reservation succesful"><error message="Cannot locate an element using xpath=//div[@id= 'group_recommendation']//table//td[2]//tr[2]//a&#10;For documentation on this error, please visit: https://www.seleniumhq.org/exceptions/no_such_element.html&#10;Build info: version: '3.141.59', revision: 'e82be7d358', time: '2018-11-14T08:17:03'&#10;System info: host: 'DESKTOP-U8IT9KJ', ip: '192.168.17.1', os.name: 'Windows 10', os.arch: 'amd64', os.version: '10.0', java.version: '11.0.0.1'&#10;Driver info: driver.version: RemoteWebDriver" type="org.openqa.selenium.NoSuchElementException">Cannot locate an element using xpath=//div[@id= 'group_recommendation']//table//td[2]//tr[2]//a
For documentation on this error, please visit: https://www.seleniumhq.org/exceptions/no_such_element.html
Build info: version: '3.141.59', revision: 'e82be7d358', time: '2018-11-14T08:17:03'
System info: host: 'DESKTOP-U8IT9KJ', ip: '192.168.17.1', os.name: 'Windows 10', os.arch: 'amd64', os.version: '10.0', java.version: '11.0.0.1'
Driver info: driver.version: RemoteWebDriver</error><system-err>Cannot locate an element using xpath=//div[@id= 'group_recommendation']//table//td[2]//tr[2]//a
For documentation on this error, please visit: https://www.seleniumhq.org/exceptions/no_such_element.html
Build info: version: '3.141.59', revision: 'e82be7d358', time: '2018-11-14T08:17:03'
System info: host: 'DESKTOP-U8IT9KJ', ip: '192.168.17.1', os.name: 'Windows 10', os.arch: 'amd64', os.version: '10.0', java.version: '11.0.0.1'
Driver info: driver.version: RemoteWebDriver&#13;
com.co.senasoft.tasks.HotelReservation.performAs(HotelReservation.java:16)&#13;
com.com.senasoft.stepsdefinitions.HotelReservationStepDefinition.theUserMakesTheReservation(HotelReservationStepDefinition.java:39)&#13;
cucumber.runner.Runner.runPickle(Runner.java:80)&#13;
</system-err></testcase></testsuite>