<?xml version="1.0" encoding="UTF-8"?><testsuite errors="1" failures="0" name="Reversation import" skipped="0" tests="1" time="13.5" timestamp="2023-09-27 07:14:44"><testcase name="Successful import"><error message="Arity mismatch: Step Definition 'com.com.senasoft.stepsdefinitions.ReservationStepDefinition.heEntersTheData() in file:/C:/Users/Sena/Documents/Senasoft2023Grupo5/Automatizaci%c3%b3n/ScreenplaySenaSoft/out/test/classes/' with pattern [^he enters the data$] is declared with 0 parameters. However, the gherkin step has 1 arguments [Table:[[ConfirmationNumber], [4237403758]]]. &#10;Step text: he enters the data" type="cucumber.runtime.CucumberException">Arity mismatch: Step Definition 'com.com.senasoft.stepsdefinitions.ReservationStepDefinition.heEntersTheData() in file:/C:/Users/Sena/Documents/Senasoft2023Grupo5/Automatizaci%c3%b3n/ScreenplaySenaSoft/out/test/classes/' with pattern [^he enters the data$] is declared with 0 parameters. However, the gherkin step has 1 arguments [Table:[[ConfirmationNumber], [4237403758]]]. 
Step text: he enters the data</error><system-err>Arity mismatch: Step Definition 'com.com.senasoft.stepsdefinitions.ReservationStepDefinition.heEntersTheData() in file:/C:/Users/Sena/Documents/Senasoft2023Grupo5/Automatizaci%c3%b3n/ScreenplaySenaSoft/out/test/classes/' with pattern [^he enters the data$] is declared with 0 parameters. However, the gherkin step has 1 arguments [Table:[[ConfirmationNumber], [4237403758]]]. 
Step text: he enters the data&#13;
cucumber.runner.Runner.runPickle(Runner.java:80)&#13;
</system-err></testcase></testsuite>